<?xml version="1.0" encoding="UTF-8"?>
<!-- Generated by org.testng.reporters.JUnitReportReporter -->
<testsuite skipped="0" hostname="WIN-GEDESCREUP8" name="stepDefinitionPackage.stepDefinition" tests="1" failures="0" timestamp="25 Feb 2018 18:13:20 GMT" time="7.816" errors="0">
  <testcase name="runScenario" time="7.816" classname="stepDefinitionPackage.stepDefinition"/>
</testsuite> <!-- stepDefinitionPackage.stepDefinition -->
