<?xml version="1.0" encoding="UTF-8"?>
<!-- Generated by org.testng.reporters.JUnitReportReporter -->
<testsuite skipped="0" hostname="WIN-GEDESCREUP8" name="runnerPackage.TestRunner" tests="1" failures="0" timestamp="25 Feb 2018 19:33:30 GMT" time="7.454" errors="0">
  <testcase name="runScenario" time="7.454" classname="runnerPackage.TestRunner"/>
</testsuite> <!-- runnerPackage.TestRunner -->
